2025-09-16 03:26:26,128 - INFO - Loading data for 8 stocks with period: 1y
2025-09-16 03:26:26,129 - INFO - Fetching data for AAPL
2025-09-16 03:26:26,557 - INFO - Successfully loaded 250 rows for AAPL
2025-09-16 03:26:26,558 - INFO - Fetching data for MSFT
2025-09-16 03:26:26,658 - INFO - Successfully loaded 250 rows for MSFT
2025-09-16 03:26:26,659 - INFO - Fetching data for GOOGL
2025-09-16 03:26:26,740 - INFO - Successfully loaded 250 rows for GOOGL
2025-09-16 03:26:26,740 - INFO - Fetching data for AMZN
2025-09-16 03:26:26,827 - INFO - Successfully loaded 250 rows for AMZN
2025-09-16 03:26:26,828 - INFO - Fetching data for TSLA
2025-09-16 03:26:26,907 - INFO - Successfully loaded 250 rows for TSLA
2025-09-16 03:26:26,908 - INFO - Fetching data for NVDA
2025-09-16 03:26:27,004 - INFO - Successfully loaded 250 rows for NVDA
2025-09-16 03:26:27,004 - INFO - Fetching data for META
2025-09-16 03:26:27,083 - INFO - Successfully loaded 250 rows for META
2025-09-16 03:26:27,083 - INFO - Fetching data for NFLX
2025-09-16 03:26:27,153 - INFO - Successfully loaded 250 rows for NFLX
2025-09-16 03:26:27,219 - INFO - Saved combined daily data: 2000 rows
2025-09-16 03:26:27,220 - INFO - Starting comprehensive analysis for all stocks
2025-09-16 03:26:27,220 - INFO - Analyzing AAPL
2025-09-16 03:27:23,557 - INFO - Loading data for 8 stocks with period: 1y
2025-09-16 03:27:23,557 - INFO - Fetching data for AAPL
2025-09-16 03:27:23,965 - INFO - Successfully loaded 250 rows for AAPL
2025-09-16 03:27:23,965 - INFO - Fetching data for MSFT
2025-09-16 03:27:24,074 - INFO - Successfully loaded 250 rows for MSFT
2025-09-16 03:27:24,074 - INFO - Fetching data for GOOGL
2025-09-16 03:27:24,153 - INFO - Successfully loaded 250 rows for GOOGL
2025-09-16 03:27:24,154 - INFO - Fetching data for AMZN
2025-09-16 03:27:24,230 - INFO - Successfully loaded 250 rows for AMZN
2025-09-16 03:27:24,230 - INFO - Fetching data for TSLA
2025-09-16 03:27:24,323 - INFO - Successfully loaded 250 rows for TSLA
2025-09-16 03:27:24,323 - INFO - Fetching data for NVDA
2025-09-16 03:27:24,416 - INFO - Successfully loaded 250 rows for NVDA
2025-09-16 03:27:24,417 - INFO - Fetching data for META
2025-09-16 03:27:24,498 - INFO - Successfully loaded 250 rows for META
2025-09-16 03:27:24,498 - INFO - Fetching data for NFLX
2025-09-16 03:27:24,565 - INFO - Successfully loaded 250 rows for NFLX
2025-09-16 03:27:24,635 - INFO - Saved combined daily data: 2000 rows
2025-09-16 03:27:24,636 - INFO - Starting comprehensive analysis for all stocks
2025-09-16 03:27:24,636 - INFO - Analyzing AAPL
2025-09-16 03:28:14,838 - INFO - Loading data for 8 stocks with period: 1y
2025-09-16 03:28:14,838 - INFO - Fetching data for AAPL
2025-09-16 03:28:15,230 - INFO - Successfully loaded 250 rows for AAPL
2025-09-16 03:28:15,230 - INFO - Fetching data for MSFT
2025-09-16 03:28:15,333 - INFO - Successfully loaded 250 rows for MSFT
2025-09-16 03:28:15,333 - INFO - Fetching data for GOOGL
2025-09-16 03:28:15,414 - INFO - Successfully loaded 250 rows for GOOGL
2025-09-16 03:28:15,414 - INFO - Fetching data for AMZN
2025-09-16 03:28:15,642 - INFO - Successfully loaded 250 rows for AMZN
2025-09-16 03:28:15,642 - INFO - Fetching data for TSLA
2025-09-16 03:28:15,731 - INFO - Successfully loaded 250 rows for TSLA
2025-09-16 03:28:15,732 - INFO - Fetching data for NVDA
2025-09-16 03:28:15,838 - INFO - Successfully loaded 250 rows for NVDA
2025-09-16 03:28:15,838 - INFO - Fetching data for META
2025-09-16 03:28:15,919 - INFO - Successfully loaded 250 rows for META
2025-09-16 03:28:15,919 - INFO - Fetching data for NFLX
2025-09-16 03:28:16,001 - INFO - Successfully loaded 250 rows for NFLX
2025-09-16 03:28:16,069 - INFO - Saved combined daily data: 2000 rows
2025-09-16 03:28:16,069 - INFO - Starting comprehensive analysis for all stocks
2025-09-16 03:28:16,070 - INFO - Analyzing AAPL
2025-09-16 03:34:48,657 - INFO - Loading data for 8 stocks with period: 1y
2025-09-16 03:34:48,657 - INFO - Fetching data for AAPL
2025-09-16 03:34:49,064 - INFO - Successfully loaded 250 rows for AAPL
2025-09-16 03:34:49,064 - INFO - Fetching data for MSFT
2025-09-16 03:34:49,171 - INFO - Successfully loaded 250 rows for MSFT
2025-09-16 03:34:49,172 - INFO - Fetching data for GOOGL
2025-09-16 03:34:49,281 - INFO - Successfully loaded 250 rows for GOOGL
2025-09-16 03:34:49,282 - INFO - Fetching data for AMZN
2025-09-16 03:34:49,353 - INFO - Successfully loaded 250 rows for AMZN
2025-09-16 03:34:49,353 - INFO - Fetching data for TSLA
2025-09-16 03:34:49,424 - INFO - Successfully loaded 250 rows for TSLA
2025-09-16 03:34:49,425 - INFO - Fetching data for NVDA
2025-09-16 03:34:49,519 - INFO - Successfully loaded 250 rows for NVDA
2025-09-16 03:34:49,520 - INFO - Fetching data for META
2025-09-16 03:34:49,630 - INFO - Successfully loaded 250 rows for META
2025-09-16 03:34:49,630 - INFO - Fetching data for NFLX
2025-09-16 03:34:49,706 - INFO - Successfully loaded 250 rows for NFLX
2025-09-16 03:34:49,773 - INFO - Saved combined daily data: 2000 rows
2025-09-16 03:34:49,774 - INFO - Starting comprehensive analysis for all stocks
2025-09-16 03:34:49,774 - INFO - Analyzing AAPL
2025-09-16 03:34:49,781 - INFO - Analyzing MSFT
2025-09-16 03:34:49,787 - INFO - Analyzing GOOGL
2025-09-16 03:34:49,796 - INFO - Analyzing AMZN
2025-09-16 03:34:49,803 - INFO - Analyzing TSLA
2025-09-16 03:34:49,810 - INFO - Analyzing NVDA
2025-09-16 03:34:49,817 - INFO - Analyzing META
2025-09-16 03:34:49,823 - INFO - Analyzing NFLX
2025-09-16 03:34:49,833 - INFO - Saved SMA analysis to multi_stock_analysis/sma_analysis.csv
2025-09-16 03:34:49,834 - INFO - Saved runs analysis to multi_stock_analysis/runs_analysis.csv
2025-09-16 03:34:49,836 - INFO - Saved returns analysis to multi_stock_analysis/returns_analysis.csv
2025-09-16 03:34:49,837 - INFO - Saved profit analysis to multi_stock_analysis/profit_analysis.csv
2025-09-16 03:34:49,851 - INFO - Saved correlation matrix to multi_stock_analysis/correlation_matrix.csv
2025-09-16 03:34:49,852 - INFO - Saved portfolio summary to multi_stock_analysis/portfolio_summary.csv
2025-09-16 03:34:49,853 - INFO - Running comprehensive validation tests
2025-09-16 03:34:49,853 - INFO - Validating analysis for AAPL
2025-09-16 03:34:49,854 - INFO - Validating analysis for MSFT
2025-09-16 03:34:49,855 - INFO - Validating analysis for GOOGL
2025-09-16 03:34:49,856 - INFO - Validating analysis for AMZN
2025-09-16 03:34:49,858 - INFO - Validating analysis for TSLA
2025-09-16 03:34:49,859 - INFO - Validating analysis for NVDA
2025-09-16 03:34:49,861 - INFO - Validating analysis for META
2025-09-16 03:34:49,862 - INFO - Validating analysis for NFLX
2025-09-16 03:34:49,864 - INFO - Saved validation results to multi_stock_analysis/validation_results.csv
2025-09-16 03:34:55,038 - INFO - Saved comprehensive dashboard to multi_stock_analysis/comprehensive_dashboard.png
2025-09-16 03:34:55,038 - INFO - Creating individual chart for AAPL
2025-09-16 03:34:57,483 - INFO - Saved AAPL chart to multi_stock_analysis/AAPL_detailed_analysis.png
2025-09-16 03:34:57,484 - INFO - Creating individual chart for MSFT
2025-09-16 03:34:59,801 - INFO - Saved MSFT chart to multi_stock_analysis/MSFT_detailed_analysis.png
2025-09-16 03:34:59,801 - INFO - Creating individual chart for GOOGL
2025-09-16 03:35:02,076 - INFO - Saved GOOGL chart to multi_stock_analysis/GOOGL_detailed_analysis.png
2025-09-16 03:35:02,076 - INFO - Creating individual chart for AMZN
2025-09-16 03:35:04,406 - INFO - Saved AMZN chart to multi_stock_analysis/AMZN_detailed_analysis.png
2025-09-16 03:35:04,406 - INFO - Creating individual chart for TSLA
2025-09-16 03:35:06,563 - INFO - Saved TSLA chart to multi_stock_analysis/TSLA_detailed_analysis.png
2025-09-16 03:35:06,563 - INFO - Creating individual chart for NVDA
2025-09-16 03:35:09,014 - INFO - Saved NVDA chart to multi_stock_analysis/NVDA_detailed_analysis.png
2025-09-16 03:35:09,014 - INFO - Creating individual chart for META
2025-09-16 03:35:11,100 - INFO - Saved META chart to multi_stock_analysis/META_detailed_analysis.png
2025-09-16 03:35:11,100 - INFO - Creating individual chart for NFLX
2025-09-16 03:35:13,581 - INFO - Saved NFLX chart to multi_stock_analysis/NFLX_detailed_analysis.png
2025-09-16 03:35:13,582 - INFO - Generating comprehensive HTML report
2025-09-16 03:35:13,589 - INFO - Saved comprehensive report to multi_stock_analysis/comprehensive_report.html
2025-09-16 09:20:56,558 - INFO - Loading data for 8 stocks with period: 1y
2025-09-16 09:20:56,558 - INFO - Fetching data for AAPL
2025-09-16 09:20:57,411 - INFO - Successfully loaded 250 rows for AAPL
2025-09-16 09:20:57,411 - INFO - Fetching data for MSFT
2025-09-16 09:20:57,527 - INFO - Successfully loaded 250 rows for MSFT
2025-09-16 09:20:57,528 - INFO - Fetching data for GOOGL
2025-09-16 09:20:57,616 - INFO - Successfully loaded 250 rows for GOOGL
2025-09-16 09:20:57,617 - INFO - Fetching data for AMZN
2025-09-16 09:20:57,708 - INFO - Successfully loaded 250 rows for AMZN
2025-09-16 09:20:57,708 - INFO - Fetching data for TSLA
2025-09-16 09:20:57,821 - INFO - Successfully loaded 250 rows for TSLA
2025-09-16 09:20:57,821 - INFO - Fetching data for NVDA
2025-09-16 09:20:57,926 - INFO - Successfully loaded 250 rows for NVDA
2025-09-16 09:20:57,927 - INFO - Fetching data for META
2025-09-16 09:20:58,022 - INFO - Successfully loaded 250 rows for META
2025-09-16 09:20:58,022 - INFO - Fetching data for NFLX
2025-09-16 09:20:58,107 - INFO - Successfully loaded 250 rows for NFLX
2025-09-16 09:20:58,173 - INFO - Saved combined daily data: 2000 rows
2025-09-16 09:20:58,174 - INFO - Starting comprehensive analysis for all stocks
2025-09-16 09:20:58,174 - INFO - Analyzing AAPL
2025-09-16 09:20:58,183 - INFO - Analyzing MSFT
2025-09-16 09:20:58,193 - INFO - Analyzing GOOGL
2025-09-16 09:20:58,201 - INFO - Analyzing AMZN
2025-09-16 09:20:58,208 - INFO - Analyzing TSLA
2025-09-16 09:20:58,216 - INFO - Analyzing NVDA
2025-09-16 09:20:58,224 - INFO - Analyzing META
2025-09-16 09:20:58,232 - INFO - Analyzing NFLX
2025-09-16 09:20:58,242 - INFO - Saved SMA analysis to multi_stock_analysis/sma_analysis.csv
2025-09-16 09:20:58,244 - INFO - Saved runs analysis to multi_stock_analysis/runs_analysis.csv
2025-09-16 09:20:58,246 - INFO - Saved returns analysis to multi_stock_analysis/returns_analysis.csv
2025-09-16 09:20:58,247 - INFO - Saved profit analysis to multi_stock_analysis/profit_analysis.csv
2025-09-16 09:20:58,263 - INFO - Saved correlation matrix to multi_stock_analysis/correlation_matrix.csv
2025-09-16 09:21:44,869 - INFO - Loading data for 8 stocks with period: 1y
2025-09-16 09:21:44,870 - INFO - Fetching data for AAPL
2025-09-16 09:21:54,928 - ERROR - 
1 Failed download:
2025-09-16 09:21:54,929 - ERROR - ['AAPL']: DNSError('Failed to perform, curl: (6) Could not resolve host: query1.finance.yahoo.com. See https://curl.se/libcurl/c/libcurl-errors.html first for more details.')
2025-09-16 09:21:54,935 - WARNING - No data received for AAPL
2025-09-16 09:21:54,935 - INFO - Fetching data for MSFT
2025-09-16 09:22:03,619 - INFO - Loading data for 8 stocks with period: 1y
2025-09-16 09:22:03,619 - INFO - Fetching data for AAPL
2025-09-16 09:22:13,794 - ERROR - 
1 Failed download:
2025-09-16 09:22:13,795 - ERROR - ['AAPL']: DNSError('Failed to perform, curl: (6) Could not resolve host: query1.finance.yahoo.com. See https://curl.se/libcurl/c/libcurl-errors.html first for more details.')
2025-09-16 09:22:13,799 - WARNING - No data received for AAPL
2025-09-16 09:22:13,799 - INFO - Fetching data for MSFT
2025-09-16 09:22:23,818 - ERROR - 
1 Failed download:
2025-09-16 09:22:23,818 - ERROR - ['MSFT']: DNSError('Failed to perform, curl: (6) Could not resolve host: query1.finance.yahoo.com. See https://curl.se/libcurl/c/libcurl-errors.html first for more details.')
2025-09-16 09:22:23,822 - WARNING - No data received for MSFT
2025-09-16 09:22:23,822 - INFO - Fetching data for GOOGL
2025-09-16 09:22:33,842 - ERROR - 
1 Failed download:
2025-09-16 09:22:33,843 - ERROR - ['GOOGL']: DNSError('Failed to perform, curl: (6) Could not resolve host: query1.finance.yahoo.com. See https://curl.se/libcurl/c/libcurl-errors.html first for more details.')
2025-09-16 09:22:33,846 - WARNING - No data received for GOOGL
2025-09-16 09:22:33,846 - INFO - Fetching data for AMZN
2025-09-16 09:22:43,871 - ERROR - 
1 Failed download:
2025-09-16 09:22:43,871 - ERROR - ['AMZN']: DNSError('Failed to perform, curl: (6) Could not resolve host: query1.finance.yahoo.com. See https://curl.se/libcurl/c/libcurl-errors.html first for more details.')
2025-09-16 09:22:43,874 - WARNING - No data received for AMZN
2025-09-16 09:22:43,874 - INFO - Fetching data for TSLA
2025-09-16 09:22:47,255 - INFO - Successfully loaded 250 rows for TSLA
2025-09-16 09:22:47,255 - INFO - Fetching data for NVDA
2025-09-16 09:22:47,361 - INFO - Successfully loaded 250 rows for NVDA
2025-09-16 09:22:47,362 - INFO - Fetching data for META
2025-09-16 09:22:45,801 - INFO - Successfully loaded 250 rows for META
2025-09-16 09:22:45,801 - INFO - Fetching data for NFLX
2025-09-16 09:22:45,899 - INFO - Successfully loaded 250 rows for NFLX
2025-09-16 09:22:45,940 - INFO - Saved combined daily data: 1000 rows
2025-09-16 09:22:45,940 - WARNING - Failed to load data for: ['AAPL', 'MSFT', 'GOOGL', 'AMZN']
2025-09-16 09:22:45,941 - INFO - Starting comprehensive analysis for all stocks
2025-09-16 09:22:45,941 - INFO - Analyzing TSLA
2025-09-16 09:22:45,947 - INFO - Analyzing NVDA
2025-09-16 09:22:45,954 - INFO - Analyzing META
2025-09-16 09:22:45,960 - INFO - Analyzing NFLX
2025-09-16 09:22:45,967 - INFO - Saved SMA analysis to multi_stock_analysis/sma_analysis.csv
2025-09-16 09:22:45,970 - INFO - Saved runs analysis to multi_stock_analysis/runs_analysis.csv
2025-09-16 09:22:45,972 - INFO - Saved returns analysis to multi_stock_analysis/returns_analysis.csv
2025-09-16 09:22:45,973 - INFO - Saved profit analysis to multi_stock_analysis/profit_analysis.csv
2025-09-16 09:22:45,979 - INFO - Saved correlation matrix to multi_stock_analysis/correlation_matrix.csv
2025-09-16 09:22:45,981 - INFO - Saved portfolio summary to multi_stock_analysis/portfolio_summary.csv
2025-09-16 09:22:45,981 - INFO - Running comprehensive validation tests
2025-09-16 09:22:45,981 - INFO - Validating analysis for TSLA
2025-09-16 09:22:45,982 - INFO - Validating analysis for NVDA
2025-09-16 09:22:45,984 - INFO - Validating analysis for META
2025-09-16 09:22:45,986 - INFO - Validating analysis for NFLX
2025-09-16 09:22:45,989 - INFO - Saved validation results to multi_stock_analysis/validation_results.csv
2025-09-16 09:22:51,041 - INFO - Saved comprehensive dashboard to multi_stock_analysis/comprehensive_dashboard.png
2025-09-16 09:22:51,041 - INFO - Creating individual chart for TSLA
2025-09-16 09:22:52,905 - INFO - Saved TSLA chart to multi_stock_analysis/TSLA_detailed_analysis.png
2025-09-16 09:22:52,906 - INFO - Creating individual chart for NVDA
2025-09-16 09:22:55,760 - INFO - Saved NVDA chart to multi_stock_analysis/NVDA_detailed_analysis.png
2025-09-16 09:22:55,761 - INFO - Creating individual chart for META
2025-09-16 09:22:58,330 - INFO - Saved META chart to multi_stock_analysis/META_detailed_analysis.png
2025-09-16 09:22:58,330 - INFO - Creating individual chart for NFLX
2025-09-16 09:23:02,141 - INFO - Saved NFLX chart to multi_stock_analysis/NFLX_detailed_analysis.png
2025-09-16 09:23:02,141 - INFO - Generating comprehensive HTML report
2025-09-16 09:23:02,142 - INFO - Generating comprehensive HTML report
2025-09-16 09:23:02,162 - INFO - Saved comprehensive report to multi_stock_analysis/comprehensive_report.html
2025-09-16 09:23:13,897 - INFO - Loading data for 8 stocks with period: 1y
2025-09-16 09:23:13,898 - INFO - Fetching data for AAPL
2025-09-16 09:23:14,371 - INFO - Successfully loaded 250 rows for AAPL
2025-09-16 09:23:14,372 - INFO - Fetching data for MSFT
2025-09-16 09:23:14,494 - INFO - Successfully loaded 250 rows for MSFT
2025-09-16 09:23:14,495 - INFO - Fetching data for GOOGL
2025-09-16 09:23:14,591 - INFO - Successfully loaded 250 rows for GOOGL
2025-09-16 09:23:14,591 - INFO - Fetching data for AMZN
2025-09-16 09:23:14,691 - INFO - Successfully loaded 250 rows for AMZN
2025-09-16 09:23:14,692 - INFO - Fetching data for TSLA
2025-09-16 09:23:14,794 - INFO - Successfully loaded 250 rows for TSLA
2025-09-16 09:23:14,794 - INFO - Fetching data for NVDA
2025-09-16 09:23:14,905 - INFO - Successfully loaded 250 rows for NVDA
2025-09-16 09:23:14,905 - INFO - Fetching data for META
2025-09-16 09:23:15,006 - INFO - Successfully loaded 250 rows for META
2025-09-16 09:23:15,006 - INFO - Fetching data for NFLX
2025-09-16 09:23:15,105 - INFO - Successfully loaded 250 rows for NFLX
2025-09-16 09:23:15,181 - INFO - Saved combined daily data: 2000 rows
2025-09-16 09:23:15,182 - INFO - Starting comprehensive analysis for all stocks
2025-09-16 09:23:15,182 - INFO - Analyzing AAPL
2025-09-16 09:23:15,190 - INFO - Analyzing MSFT
2025-09-16 09:23:15,197 - INFO - Analyzing GOOGL
2025-09-16 09:23:15,208 - INFO - Analyzing AMZN
2025-09-16 09:23:15,217 - INFO - Analyzing TSLA
2025-09-16 09:23:15,225 - INFO - Analyzing NVDA
2025-09-16 09:23:15,235 - INFO - Analyzing META
2025-09-16 09:23:15,242 - INFO - Analyzing NFLX
2025-09-16 09:23:15,256 - INFO - Saved SMA analysis to multi_stock_analysis/sma_analysis.csv
2025-09-16 09:23:15,258 - INFO - Saved runs analysis to multi_stock_analysis/runs_analysis.csv
2025-09-16 09:23:15,260 - INFO - Saved returns analysis to multi_stock_analysis/returns_analysis.csv
2025-09-16 09:23:15,262 - INFO - Saved profit analysis to multi_stock_analysis/profit_analysis.csv
2025-09-16 09:23:15,277 - INFO - Saved correlation matrix to multi_stock_analysis/correlation_matrix.csv
2025-09-16 09:23:15,279 - INFO - Saved portfolio summary to multi_stock_analysis/portfolio_summary.csv
2025-09-16 09:23:15,280 - INFO - Running comprehensive validation tests
2025-09-16 09:23:15,280 - INFO - Validating analysis for AAPL
2025-09-16 09:23:15,282 - INFO - Validating analysis for MSFT
2025-09-16 09:23:15,284 - INFO - Validating analysis for GOOGL
2025-09-16 09:23:15,285 - INFO - Validating analysis for AMZN
2025-09-16 09:23:15,287 - INFO - Validating analysis for TSLA
2025-09-16 09:23:15,289 - INFO - Validating analysis for NVDA
2025-09-16 09:23:15,290 - INFO - Validating analysis for META
2025-09-16 09:23:15,292 - INFO - Validating analysis for NFLX
2025-09-16 09:23:15,295 - INFO - Saved validation results to multi_stock_analysis/validation_results.csv
2025-09-16 09:23:19,168 - INFO - Saved comprehensive dashboard to multi_stock_analysis/comprehensive_dashboard.png
2025-09-16 09:23:19,169 - INFO - Creating individual chart for AAPL
2025-09-16 09:23:21,583 - INFO - Saved AAPL chart to multi_stock_analysis/AAPL_detailed_analysis.png
2025-09-16 09:23:21,583 - INFO - Creating individual chart for MSFT
2025-09-16 09:23:23,993 - INFO - Saved MSFT chart to multi_stock_analysis/MSFT_detailed_analysis.png
2025-09-16 09:23:23,994 - INFO - Creating individual chart for GOOGL
2025-09-16 09:23:26,346 - INFO - Saved GOOGL chart to multi_stock_analysis/GOOGL_detailed_analysis.png
2025-09-16 09:23:26,347 - INFO - Creating individual chart for AMZN
2025-09-16 09:23:28,750 - INFO - Saved AMZN chart to multi_stock_analysis/AMZN_detailed_analysis.png
2025-09-16 09:23:28,751 - INFO - Creating individual chart for TSLA
2025-09-16 09:23:31,102 - INFO - Saved TSLA chart to multi_stock_analysis/TSLA_detailed_analysis.png
2025-09-16 09:23:31,102 - INFO - Creating individual chart for NVDA
2025-09-16 09:23:33,640 - INFO - Saved NVDA chart to multi_stock_analysis/NVDA_detailed_analysis.png
2025-09-16 09:23:33,641 - INFO - Creating individual chart for META
2025-09-16 09:23:36,101 - INFO - Saved META chart to multi_stock_analysis/META_detailed_analysis.png
2025-09-16 09:23:36,101 - INFO - Creating individual chart for NFLX
2025-09-16 09:23:38,471 - INFO - Saved NFLX chart to multi_stock_analysis/NFLX_detailed_analysis.png
2025-09-16 09:23:38,472 - INFO - Generating comprehensive HTML report
2025-09-16 09:23:38,472 - INFO - Generating comprehensive HTML report
2025-09-16 09:23:38,493 - INFO - Saved comprehensive report to multi_stock_analysis/comprehensive_report.html
2025-09-16 09:28:16,296 - INFO - Loading data for 8 stocks with period: 1y
2025-09-16 09:28:16,296 - INFO - Fetching data for AAPL
2025-09-16 09:28:16,714 - INFO - Successfully loaded 250 rows for AAPL
2025-09-16 09:28:16,714 - INFO - Fetching data for MSFT
2025-09-16 09:28:16,821 - INFO - Successfully loaded 250 rows for MSFT
2025-09-16 09:28:16,821 - INFO - Fetching data for GOOGL
2025-09-16 09:28:16,910 - INFO - Successfully loaded 250 rows for GOOGL
2025-09-16 09:28:16,910 - INFO - Fetching data for AMZN
2025-09-16 09:28:17,001 - INFO - Successfully loaded 250 rows for AMZN
2025-09-16 09:28:17,002 - INFO - Fetching data for TSLA
2025-09-16 09:28:17,086 - INFO - Successfully loaded 250 rows for TSLA
2025-09-16 09:28:17,087 - INFO - Fetching data for NVDA
2025-09-16 09:28:17,183 - INFO - Successfully loaded 250 rows for NVDA
2025-09-16 09:28:17,183 - INFO - Fetching data for META
2025-09-16 09:28:17,273 - INFO - Successfully loaded 250 rows for META
2025-09-16 09:28:17,274 - INFO - Fetching data for NFLX
2025-09-16 09:28:17,389 - INFO - Successfully loaded 250 rows for NFLX
2025-09-16 09:28:17,457 - INFO - Saved combined daily data: 2000 rows
2025-09-16 09:28:17,458 - INFO - Starting comprehensive analysis for all stocks
2025-09-16 09:28:17,458 - INFO - Analyzing AAPL
2025-09-16 09:28:17,466 - INFO - Analyzing MSFT
2025-09-16 09:28:17,473 - INFO - Analyzing GOOGL
2025-09-16 09:28:17,480 - INFO - Analyzing AMZN
2025-09-16 09:28:17,490 - INFO - Analyzing TSLA
2025-09-16 09:28:17,497 - INFO - Analyzing NVDA
2025-09-16 09:28:17,505 - INFO - Analyzing META
2025-09-16 09:28:17,513 - INFO - Analyzing NFLX
2025-09-16 09:28:17,521 - INFO - Saved SMA analysis to multi_stock_analysis/sma_analysis.csv
2025-09-16 09:28:17,524 - INFO - Saved runs analysis to multi_stock_analysis/runs_analysis.csv
2025-09-16 09:28:17,527 - INFO - Saved returns analysis to multi_stock_analysis/returns_analysis.csv
2025-09-16 09:28:17,529 - INFO - Saved profit analysis to multi_stock_analysis/profit_analysis.csv
2025-09-16 09:28:17,544 - INFO - Saved correlation matrix to multi_stock_analysis/correlation_matrix.csv
2025-09-16 09:28:17,546 - INFO - Saved portfolio summary to multi_stock_analysis/portfolio_summary.csv
2025-09-16 09:28:17,546 - INFO - Running comprehensive validation tests
2025-09-16 09:28:17,546 - INFO - Validating analysis for AAPL
2025-09-16 09:28:17,548 - INFO - Validating analysis for MSFT
2025-09-16 09:28:17,549 - INFO - Validating analysis for GOOGL
2025-09-16 09:28:17,550 - INFO - Validating analysis for AMZN
2025-09-16 09:28:17,551 - INFO - Validating analysis for TSLA
2025-09-16 09:28:17,552 - INFO - Validating analysis for NVDA
2025-09-16 09:28:17,554 - INFO - Validating analysis for META
2025-09-16 09:28:17,556 - INFO - Validating analysis for NFLX
2025-09-16 09:28:17,559 - INFO - Saved validation results to multi_stock_analysis/validation_results.csv
2025-09-16 09:28:23,046 - INFO - Saved comprehensive dashboard to multi_stock_analysis/comprehensive_dashboard.png
2025-09-16 09:28:23,047 - INFO - Creating individual chart for AAPL
2025-09-16 09:28:25,562 - INFO - Saved AAPL chart to multi_stock_analysis/AAPL_detailed_analysis.png
2025-09-16 09:28:25,562 - INFO - Creating individual chart for MSFT
2025-09-16 09:28:28,002 - INFO - Saved MSFT chart to multi_stock_analysis/MSFT_detailed_analysis.png
2025-09-16 09:28:28,003 - INFO - Creating individual chart for GOOGL
2025-09-16 09:28:30,327 - INFO - Saved GOOGL chart to multi_stock_analysis/GOOGL_detailed_analysis.png
2025-09-16 09:28:30,327 - INFO - Creating individual chart for AMZN
2025-09-16 09:28:32,746 - INFO - Saved AMZN chart to multi_stock_analysis/AMZN_detailed_analysis.png
2025-09-16 09:28:32,747 - INFO - Creating individual chart for TSLA
2025-09-16 09:28:34,992 - INFO - Saved TSLA chart to multi_stock_analysis/TSLA_detailed_analysis.png
2025-09-16 09:28:34,993 - INFO - Creating individual chart for NVDA
2025-09-16 09:28:37,442 - INFO - Saved NVDA chart to multi_stock_analysis/NVDA_detailed_analysis.png
2025-09-16 09:28:37,442 - INFO - Creating individual chart for META
2025-09-16 09:28:39,779 - INFO - Saved META chart to multi_stock_analysis/META_detailed_analysis.png
2025-09-16 09:28:39,779 - INFO - Creating individual chart for NFLX
2025-09-16 09:28:40,352 - INFO - Saved NFLX chart to multi_stock_analysis/NFLX_detailed_analysis.png
2025-09-16 09:28:40,353 - INFO - Generating comprehensive HTML report
2025-09-16 09:28:40,353 - INFO - Generating comprehensive interactive HTML report
2025-09-16 09:29:57,894 - INFO - Loading data for 8 stocks with period: 1y
2025-09-16 09:29:57,894 - INFO - Fetching data for AAPL
2025-09-16 09:29:58,332 - INFO - Successfully loaded 250 rows for AAPL
2025-09-16 09:29:58,332 - INFO - Fetching data for MSFT
2025-09-16 09:29:58,461 - INFO - Successfully loaded 250 rows for MSFT
2025-09-16 09:29:58,461 - INFO - Fetching data for GOOGL
2025-09-16 09:29:58,554 - INFO - Successfully loaded 250 rows for GOOGL
2025-09-16 09:29:58,554 - INFO - Fetching data for AMZN
2025-09-16 09:29:58,650 - INFO - Successfully loaded 250 rows for AMZN
2025-09-16 09:29:58,650 - INFO - Fetching data for TSLA
2025-09-16 09:29:58,744 - INFO - Successfully loaded 250 rows for TSLA
2025-09-16 09:29:58,745 - INFO - Fetching data for NVDA
2025-09-16 09:29:58,870 - INFO - Successfully loaded 250 rows for NVDA
2025-09-16 09:29:58,871 - INFO - Fetching data for META
2025-09-16 09:29:58,973 - INFO - Successfully loaded 250 rows for META
2025-09-16 09:29:58,973 - INFO - Fetching data for NFLX
2025-09-16 09:29:59,074 - INFO - Successfully loaded 250 rows for NFLX
2025-09-16 09:29:59,141 - INFO - Saved combined daily data: 2000 rows
2025-09-16 09:29:59,142 - INFO - Starting comprehensive analysis for all stocks
2025-09-16 09:29:59,142 - INFO - Analyzing AAPL
2025-09-16 09:29:59,150 - INFO - Analyzing MSFT
2025-09-16 09:29:59,158 - INFO - Analyzing GOOGL
2025-09-16 09:29:59,169 - INFO - Analyzing AMZN
2025-09-16 09:29:59,177 - INFO - Analyzing TSLA
2025-09-16 09:29:59,185 - INFO - Analyzing NVDA
2025-09-16 09:29:59,194 - INFO - Analyzing META
2025-09-16 09:29:59,201 - INFO - Analyzing NFLX
2025-09-16 09:29:59,213 - INFO - Saved SMA analysis to multi_stock_analysis/sma_analysis.csv
2025-09-16 09:29:59,215 - INFO - Saved runs analysis to multi_stock_analysis/runs_analysis.csv
2025-09-16 09:29:59,218 - INFO - Saved returns analysis to multi_stock_analysis/returns_analysis.csv
2025-09-16 09:29:59,220 - INFO - Saved profit analysis to multi_stock_analysis/profit_analysis.csv
2025-09-16 09:29:59,236 - INFO - Saved correlation matrix to multi_stock_analysis/correlation_matrix.csv
2025-09-16 09:29:59,240 - INFO - Saved portfolio summary to multi_stock_analysis/portfolio_summary.csv
2025-09-16 09:29:59,240 - INFO - Running comprehensive validation tests
2025-09-16 09:29:59,241 - INFO - Validating analysis for AAPL
2025-09-16 09:29:59,243 - INFO - Validating analysis for MSFT
2025-09-16 09:29:59,245 - INFO - Validating analysis for GOOGL
2025-09-16 09:29:59,246 - INFO - Validating analysis for AMZN
2025-09-16 09:29:59,247 - INFO - Validating analysis for TSLA
2025-09-16 09:29:59,249 - INFO - Validating analysis for NVDA
2025-09-16 09:29:59,250 - INFO - Validating analysis for META
2025-09-16 09:29:59,252 - INFO - Validating analysis for NFLX
2025-09-16 09:29:59,256 - INFO - Saved validation results to multi_stock_analysis/validation_results.csv
2025-09-16 09:30:04,800 - INFO - Saved comprehensive dashboard to multi_stock_analysis/comprehensive_dashboard.png
2025-09-16 09:30:04,801 - INFO - Creating individual chart for AAPL
2025-09-16 09:30:07,024 - INFO - Saved AAPL chart to multi_stock_analysis/AAPL_detailed_analysis.png
2025-09-16 09:30:07,024 - INFO - Creating individual chart for MSFT
2025-09-16 09:30:09,480 - INFO - Saved MSFT chart to multi_stock_analysis/MSFT_detailed_analysis.png
2025-09-16 09:30:09,481 - INFO - Creating individual chart for GOOGL
2025-09-16 09:30:11,805 - INFO - Saved GOOGL chart to multi_stock_analysis/GOOGL_detailed_analysis.png
2025-09-16 09:30:11,806 - INFO - Creating individual chart for AMZN
2025-09-16 09:30:14,075 - INFO - Saved AMZN chart to multi_stock_analysis/AMZN_detailed_analysis.png
2025-09-16 09:30:14,076 - INFO - Creating individual chart for TSLA
2025-09-16 09:30:16,320 - INFO - Saved TSLA chart to multi_stock_analysis/TSLA_detailed_analysis.png
2025-09-16 09:30:16,321 - INFO - Creating individual chart for NVDA
2025-09-16 09:30:18,816 - INFO - Saved NVDA chart to multi_stock_analysis/NVDA_detailed_analysis.png
2025-09-16 09:30:18,816 - INFO - Creating individual chart for META
2025-09-16 09:30:21,176 - INFO - Saved META chart to multi_stock_analysis/META_detailed_analysis.png
2025-09-16 09:30:21,177 - INFO - Creating individual chart for NFLX
2025-09-16 09:30:23,592 - INFO - Saved NFLX chart to multi_stock_analysis/NFLX_detailed_analysis.png
2025-09-16 09:30:23,593 - INFO - Generating comprehensive HTML report
2025-09-16 09:30:23,593 - INFO - Generating comprehensive interactive HTML report
2025-09-16 09:30:23,620 - INFO - Saved enhanced interactive report to multi_stock_analysis/comprehensive_report.html
2025-09-18 11:21:58,482 - INFO - Loading data for 8 stocks with period: 1y
2025-09-18 11:21:58,483 - INFO - Fetching data for AAPL
2025-09-18 11:21:58,906 - INFO - Successfully loaded 250 rows for AAPL
2025-09-18 11:21:58,906 - INFO - Fetching data for MSFT
2025-09-18 11:21:59,046 - INFO - Successfully loaded 250 rows for MSFT
2025-09-18 11:21:59,046 - INFO - Fetching data for GOOGL
2025-09-18 11:21:59,124 - INFO - Successfully loaded 250 rows for GOOGL
2025-09-18 11:21:59,124 - INFO - Fetching data for AMZN
2025-09-18 11:21:59,200 - INFO - Successfully loaded 250 rows for AMZN
2025-09-18 11:21:59,200 - INFO - Fetching data for TSLA
2025-09-18 11:21:59,287 - INFO - Successfully loaded 250 rows for TSLA
2025-09-18 11:21:59,287 - INFO - Fetching data for NVDA
2025-09-18 11:21:59,394 - INFO - Successfully loaded 250 rows for NVDA
2025-09-18 11:21:59,394 - INFO - Fetching data for META
2025-09-18 11:21:59,485 - INFO - Successfully loaded 250 rows for META
2025-09-18 11:21:59,485 - INFO - Fetching data for NFLX
2025-09-18 11:21:59,571 - INFO - Successfully loaded 250 rows for NFLX
2025-09-18 11:21:59,638 - INFO - Saved combined daily data: 2000 rows
2025-09-18 11:21:59,639 - INFO - Starting comprehensive analysis for all stocks
2025-09-18 11:21:59,639 - INFO - Analyzing AAPL
2025-09-18 11:21:59,649 - INFO - Analyzing MSFT
2025-09-18 11:21:59,656 - INFO - Analyzing GOOGL
2025-09-18 11:21:59,663 - INFO - Analyzing AMZN
2025-09-18 11:21:59,674 - INFO - Analyzing TSLA
2025-09-18 11:21:59,680 - INFO - Analyzing NVDA
2025-09-18 11:21:59,687 - INFO - Analyzing META
2025-09-18 11:21:59,693 - INFO - Analyzing NFLX
2025-09-18 11:21:59,703 - INFO - Saved SMA analysis to multi_stock_analysis/sma_analysis.csv
2025-09-18 11:21:59,706 - INFO - Saved runs analysis to multi_stock_analysis/runs_analysis.csv
2025-09-18 11:21:59,709 - INFO - Saved returns analysis to multi_stock_analysis/returns_analysis.csv
2025-09-18 11:21:59,711 - INFO - Saved profit analysis to multi_stock_analysis/profit_analysis.csv
2025-09-18 11:21:59,724 - INFO - Saved correlation matrix to multi_stock_analysis/correlation_matrix.csv
2025-09-18 11:21:59,726 - INFO - Saved portfolio summary to multi_stock_analysis/portfolio_summary.csv
2025-09-18 11:21:59,726 - INFO - Running comprehensive validation tests
2025-09-18 11:21:59,727 - INFO - Validating analysis for AAPL
2025-09-18 11:21:59,728 - INFO - Validating analysis for MSFT
2025-09-18 11:21:59,729 - INFO - Validating analysis for GOOGL
2025-09-18 11:21:59,730 - INFO - Validating analysis for AMZN
2025-09-18 11:21:59,731 - INFO - Validating analysis for TSLA
2025-09-18 11:21:59,732 - INFO - Validating analysis for NVDA
2025-09-18 11:21:59,735 - INFO - Validating analysis for META
2025-09-18 11:21:59,736 - INFO - Validating analysis for NFLX
2025-09-18 11:21:59,740 - INFO - Saved validation results to multi_stock_analysis/validation_results.csv
2025-09-18 11:22:04,855 - INFO - Saved comprehensive dashboard to multi_stock_analysis/comprehensive_dashboard.png
2025-09-18 11:22:04,855 - INFO - Creating individual chart for AAPL
2025-09-18 11:22:07,067 - INFO - Saved AAPL chart to multi_stock_analysis/AAPL_detailed_analysis.png
2025-09-18 11:22:07,067 - INFO - Creating individual chart for MSFT
2025-09-18 11:22:09,315 - INFO - Saved MSFT chart to multi_stock_analysis/MSFT_detailed_analysis.png
2025-09-18 11:22:09,315 - INFO - Creating individual chart for GOOGL
2025-09-18 11:22:11,451 - INFO - Saved GOOGL chart to multi_stock_analysis/GOOGL_detailed_analysis.png
2025-09-18 11:22:11,451 - INFO - Creating individual chart for AMZN
2025-09-18 11:22:13,723 - INFO - Saved AMZN chart to multi_stock_analysis/AMZN_detailed_analysis.png
2025-09-18 11:22:13,724 - INFO - Creating individual chart for TSLA
2025-09-18 11:22:16,362 - INFO - Saved TSLA chart to multi_stock_analysis/TSLA_detailed_analysis.png
2025-09-18 11:22:16,363 - INFO - Creating individual chart for NVDA
2025-09-18 11:22:18,721 - INFO - Saved NVDA chart to multi_stock_analysis/NVDA_detailed_analysis.png
2025-09-18 11:22:18,721 - INFO - Creating individual chart for META
2025-09-18 11:22:20,838 - INFO - Saved META chart to multi_stock_analysis/META_detailed_analysis.png
2025-09-18 11:22:20,838 - INFO - Creating individual chart for NFLX
2025-09-18 11:22:23,174 - INFO - Saved NFLX chart to multi_stock_analysis/NFLX_detailed_analysis.png
2025-09-18 11:22:23,175 - INFO - Generating comprehensive HTML report
2025-09-18 11:22:23,175 - INFO - Generating comprehensive interactive HTML report
2025-09-18 11:22:23,203 - INFO - Saved enhanced interactive report to multi_stock_analysis/comprehensive_report.html
2025-09-18 22:45:35,329 - INFO - Loading data for 8 stocks with period: 1y
2025-09-18 22:45:35,330 - INFO - Fetching data for AAPL
2025-09-18 22:45:35,768 - INFO - Successfully loaded 251 rows for AAPL
2025-09-18 22:45:35,769 - INFO - Fetching data for MSFT
2025-09-18 22:45:35,876 - INFO - Successfully loaded 251 rows for MSFT
2025-09-18 22:45:35,877 - INFO - Fetching data for GOOGL
2025-09-18 22:45:35,968 - INFO - Successfully loaded 251 rows for GOOGL
2025-09-18 22:45:35,969 - INFO - Fetching data for AMZN
2025-09-18 22:45:36,060 - INFO - Successfully loaded 251 rows for AMZN
2025-09-18 22:45:36,060 - INFO - Fetching data for TSLA
2025-09-18 22:45:36,151 - INFO - Successfully loaded 251 rows for TSLA
2025-09-18 22:45:36,151 - INFO - Fetching data for NVDA
2025-09-18 22:45:36,252 - INFO - Successfully loaded 251 rows for NVDA
2025-09-18 22:45:36,252 - INFO - Fetching data for META
2025-09-18 22:45:36,338 - INFO - Successfully loaded 251 rows for META
2025-09-18 22:45:36,338 - INFO - Fetching data for NFLX
2025-09-18 22:45:36,426 - INFO - Successfully loaded 251 rows for NFLX
2025-09-18 22:45:36,492 - INFO - Saved combined daily data: 2008 rows
2025-09-18 22:45:36,493 - INFO - Starting comprehensive analysis for all stocks
2025-09-18 22:45:36,493 - INFO - Analyzing AAPL
2025-09-18 22:45:36,500 - INFO - Analyzing MSFT
2025-09-18 22:45:36,509 - INFO - Analyzing GOOGL
2025-09-18 22:45:36,517 - INFO - Analyzing AMZN
2025-09-18 22:45:36,527 - INFO - Analyzing TSLA
2025-09-18 22:45:36,540 - INFO - Analyzing NVDA
2025-09-18 22:45:36,551 - INFO - Analyzing META
2025-09-18 22:45:36,562 - INFO - Analyzing NFLX
2025-09-18 22:45:36,574 - INFO - Saved SMA analysis to multi_stock_analysis/sma_analysis.csv
2025-09-18 22:45:36,577 - INFO - Saved runs analysis to multi_stock_analysis/runs_analysis.csv
2025-09-18 22:45:36,581 - INFO - Saved returns analysis to multi_stock_analysis/returns_analysis.csv
2025-09-18 22:45:36,584 - INFO - Saved profit analysis to multi_stock_analysis/profit_analysis.csv
2025-09-18 22:45:36,599 - INFO - Saved correlation matrix to multi_stock_analysis/correlation_matrix.csv
2025-09-18 22:45:36,602 - INFO - Saved portfolio summary to multi_stock_analysis/portfolio_summary.csv
2025-09-18 22:45:36,602 - INFO - Running comprehensive validation tests
2025-09-18 22:45:36,602 - INFO - Validating analysis for AAPL
2025-09-18 22:45:36,604 - INFO - Validating analysis for MSFT
2025-09-18 22:45:36,606 - INFO - Validating analysis for GOOGL
2025-09-18 22:45:36,608 - INFO - Validating analysis for AMZN
2025-09-18 22:45:36,609 - INFO - Validating analysis for TSLA
2025-09-18 22:45:36,610 - INFO - Validating analysis for NVDA
2025-09-18 22:45:36,612 - INFO - Validating analysis for META
2025-09-18 22:45:36,614 - INFO - Validating analysis for NFLX
2025-09-18 22:45:36,617 - INFO - Saved validation results to multi_stock_analysis/validation_results.csv
2025-09-18 22:45:42,007 - INFO - Saved comprehensive dashboard to multi_stock_analysis/comprehensive_dashboard.png
2025-09-18 22:45:42,007 - INFO - Creating individual chart for AAPL
2025-09-18 22:45:44,392 - INFO - Saved AAPL chart to multi_stock_analysis/AAPL_detailed_analysis.png
2025-09-18 22:45:44,393 - INFO - Creating individual chart for MSFT
2025-09-18 22:45:46,849 - INFO - Saved MSFT chart to multi_stock_analysis/MSFT_detailed_analysis.png
2025-09-18 22:45:46,850 - INFO - Creating individual chart for GOOGL
2025-09-18 22:45:49,190 - INFO - Saved GOOGL chart to multi_stock_analysis/GOOGL_detailed_analysis.png
2025-09-18 22:45:49,191 - INFO - Creating individual chart for AMZN
2025-09-18 22:45:51,701 - INFO - Saved AMZN chart to multi_stock_analysis/AMZN_detailed_analysis.png
2025-09-18 22:45:51,701 - INFO - Creating individual chart for TSLA
2025-09-18 22:45:54,158 - INFO - Saved TSLA chart to multi_stock_analysis/TSLA_detailed_analysis.png
2025-09-18 22:45:54,158 - INFO - Creating individual chart for NVDA
2025-09-18 22:45:56,701 - INFO - Saved NVDA chart to multi_stock_analysis/NVDA_detailed_analysis.png
2025-09-18 22:45:56,702 - INFO - Creating individual chart for META
2025-09-18 22:45:59,157 - INFO - Saved META chart to multi_stock_analysis/META_detailed_analysis.png
2025-09-18 22:45:59,157 - INFO - Creating individual chart for NFLX
2025-09-18 22:46:02,219 - INFO - Saved NFLX chart to multi_stock_analysis/NFLX_detailed_analysis.png
2025-09-18 22:46:02,219 - INFO - Generating comprehensive HTML report
2025-09-18 22:46:02,220 - INFO - Generating comprehensive interactive HTML report
2025-09-18 22:46:02,252 - INFO - Saved enhanced interactive report to multi_stock_analysis/comprehensive_report.html
2025-09-18 22:53:03,064 - INFO - Loading data for 45 stocks with period: 1y
2025-09-18 22:53:03,064 - INFO - Fetching data for AAPL
2025-09-18 22:53:03,503 - INFO - Successfully loaded 251 rows for AAPL
2025-09-18 22:53:03,503 - INFO - Fetching data for MSFT
2025-09-18 22:53:03,613 - INFO - Successfully loaded 251 rows for MSFT
2025-09-18 22:53:03,613 - INFO - Fetching data for GOOGL
2025-09-18 22:53:03,709 - INFO - Successfully loaded 251 rows for GOOGL
2025-09-18 22:53:03,709 - INFO - Fetching data for AMZN
2025-09-18 22:53:03,793 - INFO - Successfully loaded 251 rows for AMZN
2025-09-18 22:53:03,794 - INFO - Fetching data for TSLA
2025-09-18 22:53:03,876 - INFO - Successfully loaded 251 rows for TSLA
2025-09-18 22:53:03,876 - INFO - Fetching data for NVDA
2025-09-18 22:53:03,974 - INFO - Successfully loaded 251 rows for NVDA
2025-09-18 22:53:03,974 - INFO - Fetching data for META
2025-09-18 22:53:04,121 - INFO - Successfully loaded 251 rows for META
2025-09-18 22:53:04,122 - INFO - Fetching data for NFLX
2025-09-18 22:53:04,200 - INFO - Successfully loaded 251 rows for NFLX
2025-09-18 22:53:04,201 - INFO - Fetching data for BRK.B
2025-09-18 22:53:04,863 - ERROR - 
1 Failed download:
2025-09-18 22:53:04,864 - ERROR - ['BRK.B']: YFPricesMissingError('possibly delisted; no price data found  (period=1y) (Yahoo error = "No data found, symbol may be delisted")')
2025-09-18 22:53:04,866 - WARNING - No data received for BRK.B
2025-09-18 22:53:04,866 - INFO - Fetching data for JPM
2025-09-18 22:53:05,123 - INFO - Successfully loaded 251 rows for JPM
2025-09-18 22:53:05,123 - INFO - Fetching data for BAC
2025-09-18 22:53:05,352 - INFO - Successfully loaded 251 rows for BAC
2025-09-18 22:53:05,352 - INFO - Fetching data for GS
2025-09-18 22:53:05,586 - INFO - Successfully loaded 251 rows for GS
2025-09-18 22:53:05,587 - INFO - Fetching data for MS
2025-09-18 22:53:05,800 - INFO - Successfully loaded 251 rows for MS
2025-09-18 22:53:05,800 - INFO - Fetching data for C
2025-09-18 22:53:06,034 - INFO - Successfully loaded 251 rows for C
2025-09-18 22:53:06,034 - INFO - Fetching data for V
2025-09-18 22:53:06,204 - INFO - Successfully loaded 251 rows for V
2025-09-18 22:53:06,204 - INFO - Fetching data for MA
2025-09-18 22:53:06,397 - INFO - Successfully loaded 251 rows for MA
2025-09-18 22:53:06,397 - INFO - Fetching data for PYPL
2025-09-18 22:53:06,571 - INFO - Successfully loaded 251 rows for PYPL
2025-09-18 22:53:06,572 - INFO - Fetching data for JNJ
2025-09-18 22:53:06,899 - INFO - Successfully loaded 251 rows for JNJ
2025-09-18 22:53:06,899 - INFO - Fetching data for PFE
2025-09-18 22:53:07,205 - INFO - Successfully loaded 251 rows for PFE
2025-09-18 22:53:07,205 - INFO - Fetching data for MRK
2025-09-18 22:53:07,599 - INFO - Successfully loaded 251 rows for MRK
2025-09-18 22:53:07,599 - INFO - Fetching data for UNH
2025-09-18 22:53:07,874 - INFO - Successfully loaded 251 rows for UNH
2025-09-18 22:53:07,875 - INFO - Fetching data for ABBV
2025-09-18 22:53:08,033 - INFO - Successfully loaded 251 rows for ABBV
2025-09-18 22:53:08,033 - INFO - Fetching data for WMT
2025-09-18 22:53:08,350 - INFO - Successfully loaded 251 rows for WMT
2025-09-18 22:53:08,350 - INFO - Fetching data for COST
2025-09-18 22:53:08,526 - INFO - Successfully loaded 251 rows for COST
2025-09-18 22:53:08,526 - INFO - Fetching data for PG
2025-09-18 22:53:08,853 - INFO - Successfully loaded 251 rows for PG
2025-09-18 22:53:08,853 - INFO - Fetching data for KO
2025-09-18 22:53:09,159 - INFO - Successfully loaded 251 rows for KO
2025-09-18 22:53:09,159 - INFO - Fetching data for PEP
2025-09-18 22:53:09,493 - INFO - Successfully loaded 251 rows for PEP
2025-09-18 22:53:09,493 - INFO - Fetching data for MCD
2025-09-18 22:53:09,777 - INFO - Successfully loaded 251 rows for MCD
2025-09-18 22:53:09,778 - INFO - Fetching data for TGT
2025-09-18 22:53:10,019 - INFO - Successfully loaded 251 rows for TGT
2025-09-18 22:53:10,019 - INFO - Fetching data for XOM
2025-09-18 22:53:10,295 - INFO - Successfully loaded 251 rows for XOM
2025-09-18 22:53:10,296 - INFO - Fetching data for CVX
2025-09-18 22:53:10,617 - INFO - Successfully loaded 251 rows for CVX
2025-09-18 22:53:10,617 - INFO - Fetching data for COP
2025-09-18 22:53:10,866 - INFO - Successfully loaded 251 rows for COP
2025-09-18 22:53:10,867 - INFO - Fetching data for BA
2025-09-18 22:53:11,190 - INFO - Successfully loaded 248 rows for BA
2025-09-18 22:53:11,190 - INFO - Fetching data for CAT
2025-09-18 22:53:11,547 - INFO - Successfully loaded 251 rows for CAT
2025-09-18 22:53:11,547 - INFO - Fetching data for GE
2025-09-18 22:53:11,869 - INFO - Successfully loaded 251 rows for GE
2025-09-18 22:53:11,869 - INFO - Fetching data for MMM
2025-09-18 22:53:12,131 - INFO - Successfully loaded 251 rows for MMM
2025-09-18 22:53:12,132 - INFO - Fetching data for DIS
2025-09-18 22:53:12,423 - INFO - Successfully loaded 251 rows for DIS
2025-09-18 22:53:12,424 - INFO - Fetching data for CMCSA
2025-09-18 22:53:12,645 - INFO - Successfully loaded 251 rows for CMCSA
2025-09-18 22:53:12,646 - INFO - Fetching data for T
2025-09-18 22:53:12,939 - INFO - Successfully loaded 251 rows for T
2025-09-18 22:53:12,939 - INFO - Fetching data for VZ
2025-09-18 22:53:13,195 - INFO - Successfully loaded 251 rows for VZ
2025-09-18 22:53:13,195 - INFO - Fetching data for ORCL
2025-09-18 22:53:13,357 - INFO - Successfully loaded 251 rows for ORCL
2025-09-18 22:53:13,357 - INFO - Fetching data for ADBE
2025-09-18 22:53:13,513 - INFO - Successfully loaded 251 rows for ADBE
2025-09-18 22:53:13,513 - INFO - Fetching data for CRM
2025-09-18 22:53:13,645 - INFO - Successfully loaded 251 rows for CRM
2025-09-18 22:53:13,646 - INFO - Fetching data for INTC
2025-09-18 22:53:13,842 - INFO - Successfully loaded 251 rows for INTC
2025-09-18 22:53:13,842 - INFO - Fetching data for AMD
2025-09-18 22:53:13,970 - INFO - Successfully loaded 251 rows for AMD
2025-09-18 22:53:15,068 - INFO - Saved combined daily data: 11041 rows
2025-09-18 22:53:15,068 - WARNING - Failed to load data for: ['BRK.B']
2025-09-18 22:53:15,069 - INFO - Starting comprehensive analysis for all stocks
2025-09-18 22:53:15,069 - INFO - Analyzing AAPL
2025-09-18 22:53:15,077 - INFO - Analyzing MSFT
2025-09-18 22:53:15,086 - INFO - Analyzing GOOGL
2025-09-18 22:53:15,095 - INFO - Analyzing AMZN
2025-09-18 22:53:15,105 - INFO - Analyzing TSLA
2025-09-18 22:53:15,115 - INFO - Analyzing NVDA
2025-09-18 22:53:15,123 - INFO - Analyzing META
2025-09-18 22:53:15,132 - INFO - Analyzing NFLX
2025-09-18 22:53:15,139 - INFO - Analyzing JPM
2025-09-18 22:53:15,146 - INFO - Analyzing BAC
2025-09-18 22:53:15,152 - INFO - Analyzing GS
2025-09-18 22:53:15,158 - INFO - Analyzing MS
2025-09-18 22:53:15,166 - INFO - Analyzing C
2025-09-18 22:53:15,173 - INFO - Analyzing V
2025-09-18 22:53:15,181 - INFO - Analyzing MA
2025-09-18 22:53:15,188 - INFO - Analyzing PYPL
2025-09-18 22:53:15,198 - INFO - Analyzing JNJ
2025-09-18 22:53:15,205 - INFO - Analyzing PFE
2025-09-18 22:53:15,213 - INFO - Analyzing MRK
2025-09-18 22:53:15,223 - INFO - Analyzing UNH
2025-09-18 22:53:15,232 - INFO - Analyzing ABBV
2025-09-18 22:53:15,239 - INFO - Analyzing WMT
2025-09-18 22:53:15,250 - INFO - Analyzing COST
2025-09-18 22:53:15,256 - INFO - Analyzing PG
2025-09-18 22:53:15,265 - INFO - Analyzing KO
2025-09-18 22:53:15,272 - INFO - Analyzing PEP
2025-09-18 22:53:15,279 - INFO - Analyzing MCD
2025-09-18 22:53:15,287 - INFO - Analyzing TGT
2025-09-18 22:53:15,293 - INFO - Analyzing XOM
2025-09-18 22:53:15,299 - INFO - Analyzing CVX
2025-09-18 22:53:15,305 - INFO - Analyzing COP
2025-09-18 22:53:15,311 - INFO - Analyzing BA
2025-09-18 22:53:15,318 - INFO - Analyzing CAT
2025-09-18 22:53:15,324 - INFO - Analyzing GE
2025-09-18 22:53:15,330 - INFO - Analyzing MMM
2025-09-18 22:53:15,337 - INFO - Analyzing DIS
2025-09-18 22:53:15,343 - INFO - Analyzing CMCSA
2025-09-18 22:53:15,349 - INFO - Analyzing T
2025-09-18 22:53:15,355 - INFO - Analyzing VZ
2025-09-18 22:53:15,361 - INFO - Analyzing ORCL
2025-09-18 22:53:15,369 - INFO - Analyzing ADBE
2025-09-18 22:53:15,376 - INFO - Analyzing CRM
2025-09-18 22:53:15,383 - INFO - Analyzing INTC
2025-09-18 22:53:15,389 - INFO - Analyzing AMD
2025-09-18 22:53:15,398 - INFO - Saved SMA analysis to multi_stock_analysis/sma_analysis.csv
2025-09-18 22:53:15,400 - INFO - Saved runs analysis to multi_stock_analysis/runs_analysis.csv
2025-09-18 22:53:15,403 - INFO - Saved returns analysis to multi_stock_analysis/returns_analysis.csv
2025-09-18 22:53:15,406 - INFO - Saved profit analysis to multi_stock_analysis/profit_analysis.csv
2025-09-18 22:53:15,457 - INFO - Saved correlation matrix to multi_stock_analysis/correlation_matrix.csv
2025-09-18 22:53:15,460 - INFO - Saved portfolio summary to multi_stock_analysis/portfolio_summary.csv
2025-09-18 22:53:15,460 - INFO - Running comprehensive validation tests
2025-09-18 22:53:15,460 - INFO - Validating analysis for AAPL
2025-09-18 22:53:15,462 - INFO - Validating analysis for MSFT
2025-09-18 22:53:15,463 - INFO - Validating analysis for GOOGL
2025-09-18 22:53:15,464 - INFO - Validating analysis for AMZN
2025-09-18 22:53:15,465 - INFO - Validating analysis for TSLA
2025-09-18 22:53:15,467 - INFO - Validating analysis for NVDA
2025-09-18 22:53:15,468 - INFO - Validating analysis for META
2025-09-18 22:53:15,470 - INFO - Validating analysis for NFLX
2025-09-18 22:53:15,472 - INFO - Validating analysis for JPM
2025-09-18 22:53:15,473 - INFO - Validating analysis for BAC
2025-09-18 22:53:15,474 - INFO - Validating analysis for GS
2025-09-18 22:53:15,475 - INFO - Validating analysis for MS
2025-09-18 22:53:15,476 - INFO - Validating analysis for C
2025-09-18 22:53:15,477 - INFO - Validating analysis for V
2025-09-18 22:53:15,478 - INFO - Validating analysis for MA
2025-09-18 22:53:15,479 - INFO - Validating analysis for PYPL
2025-09-18 22:53:15,480 - INFO - Validating analysis for JNJ
2025-09-18 22:53:15,482 - INFO - Validating analysis for PFE
2025-09-18 22:53:15,483 - INFO - Validating analysis for MRK
2025-09-18 22:53:15,485 - INFO - Validating analysis for UNH
2025-09-18 22:53:15,487 - INFO - Validating analysis for ABBV
2025-09-18 22:53:15,489 - INFO - Validating analysis for WMT
2025-09-18 22:53:15,491 - INFO - Validating analysis for COST
2025-09-18 22:53:15,492 - INFO - Validating analysis for PG
2025-09-18 22:53:15,493 - INFO - Validating analysis for KO
2025-09-18 22:53:15,494 - INFO - Validating analysis for PEP
2025-09-18 22:53:15,495 - INFO - Validating analysis for MCD
2025-09-18 22:53:15,497 - INFO - Validating analysis for TGT
2025-09-18 22:53:15,499 - INFO - Validating analysis for XOM
2025-09-18 22:53:15,501 - INFO - Validating analysis for CVX
2025-09-18 22:53:15,503 - INFO - Validating analysis for COP
2025-09-18 22:53:15,504 - INFO - Validating analysis for BA
2025-09-18 22:53:15,506 - INFO - Validating analysis for CAT
2025-09-18 22:53:15,507 - INFO - Validating analysis for GE
2025-09-18 22:53:15,508 - INFO - Validating analysis for MMM
2025-09-18 22:53:15,510 - INFO - Validating analysis for DIS
2025-09-18 22:53:15,511 - INFO - Validating analysis for CMCSA
2025-09-18 22:53:15,513 - INFO - Validating analysis for T
2025-09-18 22:53:15,514 - INFO - Validating analysis for VZ
2025-09-18 22:53:15,515 - INFO - Validating analysis for ORCL
2025-09-18 22:53:15,517 - INFO - Validating analysis for ADBE
2025-09-18 22:53:15,519 - INFO - Validating analysis for CRM
2025-09-18 22:53:15,520 - INFO - Validating analysis for INTC
2025-09-18 22:53:15,522 - INFO - Validating analysis for AMD
2025-09-18 22:53:15,525 - INFO - Saved validation results to multi_stock_analysis/validation_results.csv
2025-09-18 22:53:27,006 - INFO - Saved comprehensive dashboard to multi_stock_analysis/comprehensive_dashboard.png
2025-09-18 22:53:27,006 - INFO - Creating individual chart for AAPL
2025-09-18 22:53:28,856 - INFO - Saved AAPL chart to multi_stock_analysis/AAPL_detailed_analysis.png
2025-09-18 22:53:28,856 - INFO - Creating individual chart for MSFT
2025-09-18 22:53:31,808 - INFO - Saved MSFT chart to multi_stock_analysis/MSFT_detailed_analysis.png
2025-09-18 22:53:31,809 - INFO - Creating individual chart for GOOGL
2025-09-18 22:53:34,199 - INFO - Saved GOOGL chart to multi_stock_analysis/GOOGL_detailed_analysis.png
2025-09-18 22:53:34,200 - INFO - Creating individual chart for AMZN
2025-09-18 22:53:36,559 - INFO - Saved AMZN chart to multi_stock_analysis/AMZN_detailed_analysis.png
2025-09-18 22:53:36,559 - INFO - Creating individual chart for TSLA
2025-09-18 22:53:39,110 - INFO - Saved TSLA chart to multi_stock_analysis/TSLA_detailed_analysis.png
2025-09-18 22:53:39,110 - INFO - Creating individual chart for NVDA
2025-09-18 22:53:41,462 - INFO - Saved NVDA chart to multi_stock_analysis/NVDA_detailed_analysis.png
2025-09-18 22:53:41,462 - INFO - Creating individual chart for META
2025-09-18 22:53:43,788 - INFO - Saved META chart to multi_stock_analysis/META_detailed_analysis.png
2025-09-18 22:53:43,789 - INFO - Creating individual chart for NFLX
2025-09-18 22:53:46,444 - INFO - Saved NFLX chart to multi_stock_analysis/NFLX_detailed_analysis.png
2025-09-18 22:53:46,445 - INFO - Creating individual chart for JPM
2025-09-18 22:53:48,845 - INFO - Saved JPM chart to multi_stock_analysis/JPM_detailed_analysis.png
2025-09-18 22:53:48,845 - INFO - Creating individual chart for BAC
2025-09-18 22:53:51,204 - INFO - Saved BAC chart to multi_stock_analysis/BAC_detailed_analysis.png
2025-09-18 22:53:51,205 - INFO - Creating individual chart for GS
2025-09-18 22:53:53,499 - INFO - Saved GS chart to multi_stock_analysis/GS_detailed_analysis.png
2025-09-18 22:53:53,500 - INFO - Creating individual chart for MS
2025-09-18 22:53:56,114 - INFO - Saved MS chart to multi_stock_analysis/MS_detailed_analysis.png
2025-09-18 22:53:56,115 - INFO - Creating individual chart for C
2025-09-18 22:53:58,466 - INFO - Saved C chart to multi_stock_analysis/C_detailed_analysis.png
2025-09-18 22:53:58,467 - INFO - Creating individual chart for V
2025-09-18 22:54:00,221 - INFO - Saved V chart to multi_stock_analysis/V_detailed_analysis.png
2025-09-18 22:54:00,221 - INFO - Creating individual chart for MA
2025-09-18 22:54:02,806 - INFO - Saved MA chart to multi_stock_analysis/MA_detailed_analysis.png
2025-09-18 22:54:02,806 - INFO - Creating individual chart for PYPL
2025-09-18 22:54:05,183 - INFO - Saved PYPL chart to multi_stock_analysis/PYPL_detailed_analysis.png
2025-09-18 22:54:05,184 - INFO - Creating individual chart for JNJ
2025-09-18 22:54:08,313 - INFO - Saved JNJ chart to multi_stock_analysis/JNJ_detailed_analysis.png
2025-09-18 22:54:08,313 - INFO - Creating individual chart for PFE
2025-09-18 22:54:10,905 - INFO - Saved PFE chart to multi_stock_analysis/PFE_detailed_analysis.png
2025-09-18 22:54:10,905 - INFO - Creating individual chart for MRK
2025-09-18 22:54:13,390 - INFO - Saved MRK chart to multi_stock_analysis/MRK_detailed_analysis.png
2025-09-18 22:54:13,391 - INFO - Creating individual chart for UNH
2025-09-18 22:54:15,902 - INFO - Saved UNH chart to multi_stock_analysis/UNH_detailed_analysis.png
2025-09-18 22:54:15,903 - INFO - Creating individual chart for ABBV
2025-09-18 22:54:18,454 - INFO - Saved ABBV chart to multi_stock_analysis/ABBV_detailed_analysis.png
2025-09-18 22:54:18,454 - INFO - Creating individual chart for WMT
2025-09-18 22:54:20,944 - INFO - Saved WMT chart to multi_stock_analysis/WMT_detailed_analysis.png
2025-09-18 22:54:20,945 - INFO - Creating individual chart for COST
2025-09-18 22:54:24,168 - INFO - Saved COST chart to multi_stock_analysis/COST_detailed_analysis.png
2025-09-18 22:54:24,169 - INFO - Creating individual chart for PG
2025-09-18 22:54:26,548 - INFO - Saved PG chart to multi_stock_analysis/PG_detailed_analysis.png
2025-09-18 22:54:26,549 - INFO - Creating individual chart for KO
2025-09-18 22:54:28,847 - INFO - Saved KO chart to multi_stock_analysis/KO_detailed_analysis.png
2025-09-18 22:54:28,848 - INFO - Creating individual chart for PEP
2025-09-18 22:54:31,240 - INFO - Saved PEP chart to multi_stock_analysis/PEP_detailed_analysis.png
2025-09-18 22:54:31,240 - INFO - Creating individual chart for MCD
2025-09-18 22:54:32,811 - INFO - Saved MCD chart to multi_stock_analysis/MCD_detailed_analysis.png
2025-09-18 22:54:32,812 - INFO - Creating individual chart for TGT
2025-09-18 22:54:35,237 - INFO - Saved TGT chart to multi_stock_analysis/TGT_detailed_analysis.png
2025-09-18 22:54:35,238 - INFO - Creating individual chart for XOM
2025-09-18 22:54:37,618 - INFO - Saved XOM chart to multi_stock_analysis/XOM_detailed_analysis.png
2025-09-18 22:54:37,619 - INFO - Creating individual chart for CVX
2025-09-18 22:54:40,542 - INFO - Saved CVX chart to multi_stock_analysis/CVX_detailed_analysis.png
2025-09-18 22:54:40,543 - INFO - Creating individual chart for COP
2025-09-18 22:54:43,956 - INFO - Saved COP chart to multi_stock_analysis/COP_detailed_analysis.png
2025-09-18 22:54:43,957 - INFO - Creating individual chart for BA
2025-09-18 22:54:46,305 - INFO - Saved BA chart to multi_stock_analysis/BA_detailed_analysis.png
2025-09-18 22:54:46,306 - INFO - Creating individual chart for CAT
2025-09-18 22:54:48,753 - INFO - Saved CAT chart to multi_stock_analysis/CAT_detailed_analysis.png
2025-09-18 22:54:48,754 - INFO - Creating individual chart for GE
2025-09-18 22:54:51,316 - INFO - Saved GE chart to multi_stock_analysis/GE_detailed_analysis.png
2025-09-18 22:54:51,316 - INFO - Creating individual chart for MMM
2025-09-18 22:54:53,853 - INFO - Saved MMM chart to multi_stock_analysis/MMM_detailed_analysis.png
2025-09-18 22:54:53,853 - INFO - Creating individual chart for DIS
2025-09-18 22:54:56,191 - INFO - Saved DIS chart to multi_stock_analysis/DIS_detailed_analysis.png
2025-09-18 22:54:56,192 - INFO - Creating individual chart for CMCSA
2025-09-18 22:54:58,649 - INFO - Saved CMCSA chart to multi_stock_analysis/CMCSA_detailed_analysis.png
2025-09-18 22:54:58,650 - INFO - Creating individual chart for T
2025-09-18 22:55:01,301 - INFO - Saved T chart to multi_stock_analysis/T_detailed_analysis.png
2025-09-18 22:55:01,302 - INFO - Creating individual chart for VZ
2025-09-18 22:55:03,784 - INFO - Saved VZ chart to multi_stock_analysis/VZ_detailed_analysis.png
2025-09-18 22:55:03,784 - INFO - Creating individual chart for ORCL
2025-09-18 22:55:07,008 - INFO - Saved ORCL chart to multi_stock_analysis/ORCL_detailed_analysis.png
2025-09-18 22:55:07,009 - INFO - Creating individual chart for ADBE
2025-09-18 22:55:09,530 - INFO - Saved ADBE chart to multi_stock_analysis/ADBE_detailed_analysis.png
2025-09-18 22:55:09,531 - INFO - Creating individual chart for CRM
2025-09-18 22:55:12,069 - INFO - Saved CRM chart to multi_stock_analysis/CRM_detailed_analysis.png
2025-09-18 22:55:12,070 - INFO - Creating individual chart for INTC
2025-09-18 22:55:14,659 - INFO - Saved INTC chart to multi_stock_analysis/INTC_detailed_analysis.png
2025-09-18 22:55:14,660 - INFO - Creating individual chart for AMD
2025-09-18 22:55:16,963 - INFO - Saved AMD chart to multi_stock_analysis/AMD_detailed_analysis.png
2025-09-18 22:55:16,964 - INFO - Generating comprehensive HTML report
2025-09-18 22:55:16,964 - INFO - Generating comprehensive interactive HTML report
2025-09-18 22:55:17,053 - INFO - Saved enhanced interactive report to multi_stock_analysis/comprehensive_report.html
